<?xml version="1.0" encoding="UTF-8"?>
<beans xmlns="http://www.springframework.org/schema/beans"
       xmlns:xsi="http://www.w3.org/2001/XMLSchema-instance"
       xmlns:context="http://www.springframework.org/schema/context"
       xsi:schemaLocation="http://www.springframework.org/schema/beans http://www.springframework.org/schema/beans/spring-beans.xsd http://www.springframework.org/schema/context http://www.springframework.org/schema/context/spring-context.xsd">
    <!--placeholder-->
    <!--一种方式-->
    <bean class="org.springframework.beans.factory.config.PropertyPlaceholderConfigurer">
        <property name="location">
            <value>classpath:ioc/extensionsion/a.properties</value>
        </property>
        <property name="properties">
            <value>runningService.state=aa</value>
        </property>
    </bean>
    <!--新方式，同时用只能用一种不会 merge，多个文件用locations-->
    <context:property-placeholder location="classpath:ioc/extensionsion/b.properties"/>

    <!--overrider-->
    <context:property-override location="classpath:ioc/extensionsion/override.properties"/>


    <bean name="runningServiceB" class="top.itlq.spring.core.ioc.beans.extension.RunningService">
        <property name="server" value="${runningService.server}"></property>
        <property name="minutes" value="${runningService.minutes}"></property>
        <property name="type" value="${runningService.type}"></property>
        <property name="state" value="${runningService.state}"></property>
    </bean>
</beans>