<?xml version="1.0" encoding="UTF-8"?>
<beans xmlns="http://www.springframework.org/schema/beans"
       xmlns:xsi="http://www.w3.org/2001/XMLSchema-instance" xmlns:p="http://www.springframework.org/schema/p"
       xsi:schemaLocation="http://www.springframework.org/schema/beans http://www.springframework.org/schema/beans/spring-beans.xsd">

    <bean name="runningService" class="top.itlq.spring.exampleBeans.extension.RunningService"
          init-method="init"
          p:server="menggy"/>

    <bean class="top.itlq.spring.exampleBeans.extension.TracingBeanPostProcessor"/>
</beans>